<?xml version="1.0" encoding="UTF-8"?>
<testsuite xmlns:xsi="http://www.w3.org/2001/XMLSchema-instance" xsi:noNamespaceSchemaLocation="https://maven.apache.org/surefire/maven-surefire-plugin/xsd/surefire-test-report.xsd" name="faceclient.AppTest" time="0.026" tests="1" errors="0" skipped="0" failures="0">
  <properties>
    <property name="java.specification.version" value="13"/>
    <property name="sun.jnu.encoding" value="UTF-8"/>
    <property name="java.class.path" value="/home/dzly/projects/countr_face_recognition/faceclient/target/test-classes:/home/dzly/projects/countr_face_recognition/faceclient/target/classes:/home/dzly/.m2/repository/junit/junit/4.12/junit-4.12.jar:/home/dzly/.m2/repository/org/hamcrest/hamcrest-core/1.3/hamcrest-core-1.3.jar:/home/dzly/.m2/repository/org/apache/commons/commons-configuration2/2.6/commons-configuration2-2.6.jar:/home/dzly/.m2/repository/org/apache/commons/commons-lang3/3.9/commons-lang3-3.9.jar:/home/dzly/.m2/repository/org/apache/commons/commons-text/1.8/commons-text-1.8.jar:/home/dzly/.m2/repository/commons-logging/commons-logging/1.2/commons-logging-1.2.jar:/home/dzly/.m2/repository/commons-beanutils/commons-beanutils/1.9.4/commons-beanutils-1.9.4.jar:/home/dzly/.m2/repository/commons-collections/commons-collections/3.2.2/commons-collections-3.2.2.jar:/home/dzly/.m2/repository/org/zeromq/jeromq/0.5.1/jeromq-0.5.1.jar:/home/dzly/.m2/repository/eu/neilalexander/jnacl/1.0.0/jnacl-1.0.0.jar:/home/dzly/.m2/repository/net/tzolov/cv/mtcnn/0.0.4/mtcnn-0.0.4.jar:/home/dzly/.m2/repository/org/nd4j/nd4j-native/1.0.0-beta2/nd4j-native-1.0.0-beta2-macosx-x86_64-avx2.jar:/home/dzly/.m2/repository/org/nd4j/nd4j-native/1.0.0-beta2/nd4j-native-1.0.0-beta2-windows-x86_64-avx2.jar:/home/dzly/.m2/repository/org/apache/mxnet/mxnet-full_2.11-linux-x86_64-cpu/1.5.1/mxnet-full_2.11-linux-x86_64-cpu-1.5.1.jar:/home/dzly/.m2/repository/org/scala-lang/scala-library/2.11.8/scala-library-2.11.8.jar:/home/dzly/.m2/repository/org/scala-lang/scala-reflect/2.11.8/scala-reflect-2.11.8.jar:/home/dzly/.m2/repository/org/scala-lang/modules/scala-parser-combinators_2.11/1.0.5/scala-parser-combinators_2.11-1.0.5.jar:/home/dzly/.m2/repository/org/scala-lang/scala-compiler/2.11.8/scala-compiler-2.11.8.jar:/home/dzly/.m2/repository/org/scala-lang/modules/scala-xml_2.11/1.0.4/scala-xml_2.11-1.0.4.jar:/home/dzly/.m2/repository/commons-codec/commons-codec/1.10/commons-codec-1.10.jar:/home/dzly/.m2/repository/commons-io/commons-io/2.1/commons-io-2.1.jar:/home/dzly/.m2/repository/org/slf4j/slf4j-api/1.7.5/slf4j-api-1.7.5.jar:/home/dzly/.m2/repository/args4j/args4j/2.0.29/args4j-2.0.29.jar:/home/dzly/.m2/repository/org/datavec/datavec-data-image/1.0.0-beta2/datavec-data-image-1.0.0-beta2.jar:/home/dzly/.m2/repository/org/datavec/datavec-api/1.0.0-beta2/datavec-api-1.0.0-beta2.jar:/home/dzly/.m2/repository/org/jetbrains/annotations/13.0/annotations-13.0.jar:/home/dzly/.m2/repository/joda-time/joda-time/2.2/joda-time-2.2.jar:/home/dzly/.m2/repository/org/yaml/snakeyaml/1.12/snakeyaml-1.12.jar:/home/dzly/.m2/repository/org/nd4j/jackson/1.0.0-beta2/jackson-1.0.0-beta2.jar:/home/dzly/.m2/repository/org/codehaus/woodstox/stax2-api/3.1.4/stax2-api-3.1.4.jar:/home/dzly/.m2/repository/org/freemarker/freemarker/2.3.23/freemarker-2.3.23.jar:/home/dzly/.m2/repository/org/nd4j/nd4j-common/1.0.0-beta2/nd4j-common-1.0.0-beta2.jar:/home/dzly/.m2/repository/org/apache/commons/commons-compress/1.16.1/commons-compress-1.16.1.jar:/home/dzly/.m2/repository/com/clearspring/analytics/stream/2.7.0/stream-2.7.0.jar:/home/dzly/.m2/repository/net/sf/opencsv/opencsv/2.3/opencsv-2.3.jar:/home/dzly/.m2/repository/com/tdunning/t-digest/3.2/t-digest-3.2.jar:/home/dzly/.m2/repository/it/unimi/dsi/fastutil/6.5.7/fastutil-6.5.7.jar:/home/dzly/.m2/repository/org/nd4j/nd4j-buffer/1.0.0-beta2/nd4j-buffer-1.0.0-beta2.jar:/home/dzly/.m2/repository/org/nd4j/nd4j-context/1.0.0-beta2/nd4j-context-1.0.0-beta2.jar:/home/dzly/.m2/repository/com/github/jai-imageio/jai-imageio-core/1.3.0/jai-imageio-core-1.3.0.jar:/home/dzly/.m2/repository/com/twelvemonkeys/imageio/imageio-jpeg/3.1.1/imageio-jpeg-3.1.1.jar:/home/dzly/.m2/repository/com/twelvemonkeys/imageio/imageio-core/3.1.1/imageio-core-3.1.1.jar:/home/dzly/.m2/repository/com/twelvemonkeys/imageio/imageio-metadata/3.1.1/imageio-metadata-3.1.1.jar:/home/dzly/.m2/repository/com/twelvemonkeys/common/common-lang/3.1.1/common-lang-3.1.1.jar:/home/dzly/.m2/repository/com/twelvemonkeys/common/common-io/3.1.1/common-io-3.1.1.jar:/home/dzly/.m2/repository/com/twelvemonkeys/common/common-image/3.1.1/common-image-3.1.1.jar:/home/dzly/.m2/repository/com/twelvemonkeys/imageio/imageio-tiff/3.1.1/imageio-tiff-3.1.1.jar:/home/dzly/.m2/repository/com/twelvemonkeys/imageio/imageio-psd/3.1.1/imageio-psd-3.1.1.jar:/home/dzly/.m2/repository/com/twelvemonkeys/imageio/imageio-bmp/3.1.1/imageio-bmp-3.1.1.jar:/home/dzly/.m2/repository/org/bytedeco/javacpp/1.4.2/javacpp-1.4.2.jar:/home/dzly/.m2/repository/org/bytedeco/javacv/1.4.2/javacv-1.4.2.jar:/home/dzly/.m2/repository/org/bytedeco/javacpp-presets/opencv/3.4.2-1.4.2/opencv-3.4.2-1.4.2.jar:/home/dzly/.m2/repository/org/bytedeco/javacpp-presets/ffmpeg/4.0.1-1.4.2/ffmpeg-4.0.1-1.4.2.jar:/home/dzly/.m2/repository/org/bytedeco/javacpp-presets/flycapture/2.11.3.121-1.4.2/flycapture-2.11.3.121-1.4.2.jar:/home/dzly/.m2/repository/org/bytedeco/javacpp-presets/libdc1394/2.2.5-1.4.2/libdc1394-2.2.5-1.4.2.jar:/home/dzly/.m2/repository/org/bytedeco/javacpp-presets/libfreenect/0.5.3-1.4.2/libfreenect-0.5.3-1.4.2.jar:/home/dzly/.m2/repository/org/bytedeco/javacpp-presets/libfreenect2/0.2.0-1.4.2/libfreenect2-0.2.0-1.4.2.jar:/home/dzly/.m2/repository/org/bytedeco/javacpp-presets/librealsense/1.12.1-1.4.2/librealsense-1.12.1-1.4.2.jar:/home/dzly/.m2/repository/org/bytedeco/javacpp-presets/videoinput/0.200-1.4.2/videoinput-0.200-1.4.2.jar:/home/dzly/.m2/repository/org/bytedeco/javacpp-presets/artoolkitplus/2.3.1-1.4.2/artoolkitplus-2.3.1-1.4.2.jar:/home/dzly/.m2/repository/org/bytedeco/javacpp-presets/flandmark/1.07-1.4.2/flandmark-1.07-1.4.2.jar:/home/dzly/.m2/repository/org/bytedeco/javacpp-presets/leptonica/1.76.0-1.4.2/leptonica-1.76.0-1.4.2.jar:/home/dzly/.m2/repository/org/bytedeco/javacpp-presets/tesseract/4.0.0-beta.3-1.4.2/tesseract-4.0.0-beta.3-1.4.2.jar:/home/dzly/.m2/repository/org/bytedeco/javacpp-presets/opencv-platform/3.4.2-1.4.2/opencv-platform-3.4.2-1.4.2.jar:/home/dzly/.m2/repository/org/bytedeco/javacpp-presets/opencv/3.4.2-1.4.2/opencv-3.4.2-1.4.2-android-arm.jar:/home/dzly/.m2/repository/org/bytedeco/javacpp-presets/opencv/3.4.2-1.4.2/opencv-3.4.2-1.4.2-android-arm64.jar:/home/dzly/.m2/repository/org/bytedeco/javacpp-presets/opencv/3.4.2-1.4.2/opencv-3.4.2-1.4.2-android-x86.jar:/home/dzly/.m2/repository/org/bytedeco/javacpp-presets/opencv/3.4.2-1.4.2/opencv-3.4.2-1.4.2-android-x86_64.jar:/home/dzly/.m2/repository/org/bytedeco/javacpp-presets/opencv/3.4.2-1.4.2/opencv-3.4.2-1.4.2-ios-arm64.jar:/home/dzly/.m2/repository/org/bytedeco/javacpp-presets/opencv/3.4.2-1.4.2/opencv-3.4.2-1.4.2-ios-x86_64.jar:/home/dzly/.m2/repository/org/bytedeco/javacpp-presets/opencv/3.4.2-1.4.2/opencv-3.4.2-1.4.2-linux-x86.jar:/home/dzly/.m2/repository/org/bytedeco/javacpp-presets/opencv/3.4.2-1.4.2/opencv-3.4.2-1.4.2-linux-x86_64.jar:/home/dzly/.m2/repository/org/bytedeco/javacpp-presets/opencv/3.4.2-1.4.2/opencv-3.4.2-1.4.2-linux-armhf.jar:/home/dzly/.m2/repository/org/bytedeco/javacpp-presets/opencv/3.4.2-1.4.2/opencv-3.4.2-1.4.2-linux-ppc64le.jar:/home/dzly/.m2/repository/org/bytedeco/javacpp-presets/opencv/3.4.2-1.4.2/opencv-3.4.2-1.4.2-macosx-x86_64.jar:/home/dzly/.m2/repository/org/bytedeco/javacpp-presets/opencv/3.4.2-1.4.2/opencv-3.4.2-1.4.2-windows-x86.jar:/home/dzly/.m2/repository/org/bytedeco/javacpp-presets/opencv/3.4.2-1.4.2/opencv-3.4.2-1.4.2-windows-x86_64.jar:/home/dzly/.m2/repository/org/bytedeco/javacpp-presets/leptonica-platform/1.76.0-1.4.2/leptonica-platform-1.76.0-1.4.2.jar:/home/dzly/.m2/repository/org/bytedeco/javacpp-presets/leptonica/1.76.0-1.4.2/leptonica-1.76.0-1.4.2-android-arm.jar:/home/dzly/.m2/repository/org/bytedeco/javacpp-presets/leptonica/1.76.0-1.4.2/leptonica-1.76.0-1.4.2-android-arm64.jar:/home/dzly/.m2/repository/org/bytedeco/javacpp-presets/leptonica/1.76.0-1.4.2/leptonica-1.76.0-1.4.2-android-x86.jar:/home/dzly/.m2/repository/org/bytedeco/javacpp-presets/leptonica/1.76.0-1.4.2/leptonica-1.76.0-1.4.2-android-x86_64.jar:/home/dzly/.m2/repository/org/bytedeco/javacpp-presets/leptonica/1.76.0-1.4.2/leptonica-1.76.0-1.4.2-linux-x86.jar:/home/dzly/.m2/repository/org/bytedeco/javacpp-presets/leptonica/1.76.0-1.4.2/leptonica-1.76.0-1.4.2-linux-x86_64.jar:/home/dzly/.m2/repository/org/bytedeco/javacpp-presets/leptonica/1.76.0-1.4.2/leptonica-1.76.0-1.4.2-linux-armhf.jar:/home/dzly/.m2/repository/org/bytedeco/javacpp-presets/leptonica/1.76.0-1.4.2/leptonica-1.76.0-1.4.2-linux-ppc64le.jar:/home/dzly/.m2/repository/org/bytedeco/javacpp-presets/leptonica/1.76.0-1.4.2/leptonica-1.76.0-1.4.2-macosx-x86_64.jar:/home/dzly/.m2/repository/org/bytedeco/javacpp-presets/leptonica/1.76.0-1.4.2/leptonica-1.76.0-1.4.2-windows-x86.jar:/home/dzly/.m2/repository/org/bytedeco/javacpp-presets/leptonica/1.76.0-1.4.2/leptonica-1.76.0-1.4.2-windows-x86_64.jar:/home/dzly/.m2/repository/org/bytedeco/javacpp-presets/hdf5-platform/1.10.2-1.4.2/hdf5-platform-1.10.2-1.4.2.jar:/home/dzly/.m2/repository/org/bytedeco/javacpp-presets/hdf5/1.10.2-1.4.2/hdf5-1.10.2-1.4.2.jar:/home/dzly/.m2/repository/org/bytedeco/javacpp-presets/hdf5/1.10.2-1.4.2/hdf5-1.10.2-1.4.2-linux-x86.jar:/home/dzly/.m2/repository/org/bytedeco/javacpp-presets/hdf5/1.10.2-1.4.2/hdf5-1.10.2-1.4.2-linux-x86_64.jar:/home/dzly/.m2/repository/org/bytedeco/javacpp-presets/hdf5/1.10.2-1.4.2/hdf5-1.10.2-1.4.2-linux-ppc64le.jar:/home/dzly/.m2/repository/org/bytedeco/javacpp-presets/hdf5/1.10.2-1.4.2/hdf5-1.10.2-1.4.2-macosx-x86_64.jar:/home/dzly/.m2/repository/org/bytedeco/javacpp-presets/hdf5/1.10.2-1.4.2/hdf5-1.10.2-1.4.2-windows-x86.jar:/home/dzly/.m2/repository/org/bytedeco/javacpp-presets/hdf5/1.10.2-1.4.2/hdf5-1.10.2-1.4.2-windows-x86_64.jar:/home/dzly/.m2/repository/org/nd4j/nd4j-api/1.0.0-beta2/nd4j-api-1.0.0-beta2.jar:/home/dzly/.m2/repository/org/apache/commons/commons-math3/3.5/commons-math3-3.5.jar:/home/dzly/.m2/repository/com/vlkan/flatbuffers/1.2.0-3f79e055/flatbuffers-1.2.0-3f79e055.jar:/home/dzly/.m2/repository/com/google/guava/guava/20.0/guava-20.0.jar:/home/dzly/.m2/repository/com/github/os72/protobuf-java-shaded-351/0.9/protobuf-java-shaded-351-0.9.jar:/home/dzly/.m2/repository/com/github/os72/protobuf-java-util-shaded-351/0.9/protobuf-java-util-shaded-351-0.9.jar:/home/dzly/.m2/repository/com/google/code/gson/gson/2.7/gson-2.7.jar:/home/dzly/.m2/repository/org/objenesis/objenesis/2.6/objenesis-2.6.jar:/home/dzly/.m2/repository/uk/com/robust-it/cloning/1.9.3/cloning-1.9.3.jar:/home/dzly/.m2/repository/net/ericaro/neoitertools/1.0.0/neoitertools-1.0.0.jar:/home/dzly/.m2/repository/org/springframework/spring-core/5.0.7.RELEASE/spring-core-5.0.7.RELEASE.jar:/home/dzly/.m2/repository/org/springframework/spring-jcl/5.0.7.RELEASE/spring-jcl-5.0.7.RELEASE.jar:/home/dzly/.m2/repository/com/fasterxml/jackson/core/jackson-core/2.9.6/jackson-core-2.9.6.jar:/home/dzly/.m2/repository/com/fasterxml/jackson/core/jackson-annotations/2.9.6/jackson-annotations-2.9.6.jar:/home/dzly/.m2/repository/com/fasterxml/jackson/core/jackson-databind/2.9.6/jackson-databind-2.9.6.jar:/home/dzly/.m2/repository/org/nd4j/nd4j-native-platform/1.0.0-beta2/nd4j-native-platform-1.0.0-beta2.jar:/home/dzly/.m2/repository/org/bytedeco/javacpp-presets/openblas-platform/0.3.0-1.4.2/openblas-platform-0.3.0-1.4.2.jar:/home/dzly/.m2/repository/org/bytedeco/javacpp-presets/openblas/0.3.0-1.4.2/openblas-0.3.0-1.4.2-android-arm.jar:/home/dzly/.m2/repository/org/bytedeco/javacpp-presets/openblas/0.3.0-1.4.2/openblas-0.3.0-1.4.2-android-arm64.jar:/home/dzly/.m2/repository/org/bytedeco/javacpp-presets/openblas/0.3.0-1.4.2/openblas-0.3.0-1.4.2-android-x86.jar:/home/dzly/.m2/repository/org/bytedeco/javacpp-presets/openblas/0.3.0-1.4.2/openblas-0.3.0-1.4.2-android-x86_64.jar:/home/dzly/.m2/repository/org/bytedeco/javacpp-presets/openblas/0.3.0-1.4.2/openblas-0.3.0-1.4.2-ios-arm64.jar:/home/dzly/.m2/repository/org/bytedeco/javacpp-presets/openblas/0.3.0-1.4.2/openblas-0.3.0-1.4.2-ios-x86_64.jar:/home/dzly/.m2/repository/org/bytedeco/javacpp-presets/openblas/0.3.0-1.4.2/openblas-0.3.0-1.4.2-linux-x86.jar:/home/dzly/.m2/repository/org/bytedeco/javacpp-presets/openblas/0.3.0-1.4.2/openblas-0.3.0-1.4.2-linux-armhf.jar:/home/dzly/.m2/repository/org/bytedeco/javacpp-presets/openblas/0.3.0-1.4.2/openblas-0.3.0-1.4.2-linux-ppc64le.jar:/home/dzly/.m2/repository/org/bytedeco/javacpp-presets/openblas/0.3.0-1.4.2/openblas-0.3.0-1.4.2-macosx-x86_64.jar:/home/dzly/.m2/repository/org/bytedeco/javacpp-presets/openblas/0.3.0-1.4.2/openblas-0.3.0-1.4.2-windows-x86.jar:/home/dzly/.m2/repository/org/bytedeco/javacpp-presets/openblas/0.3.0-1.4.2/openblas-0.3.0-1.4.2-windows-x86_64.jar:/home/dzly/.m2/repository/org/bytedeco/javacpp-presets/mkl-platform/2018.3-1.4.2/mkl-platform-2018.3-1.4.2.jar:/home/dzly/.m2/repository/org/bytedeco/javacpp-presets/mkl/2018.3-1.4.2/mkl-2018.3-1.4.2-linux-x86.jar:/home/dzly/.m2/repository/org/bytedeco/javacpp-presets/mkl/2018.3-1.4.2/mkl-2018.3-1.4.2-linux-x86_64.jar:/home/dzly/.m2/repository/org/bytedeco/javacpp-presets/mkl/2018.3-1.4.2/mkl-2018.3-1.4.2-macosx-x86_64.jar:/home/dzly/.m2/repository/org/bytedeco/javacpp-presets/mkl/2018.3-1.4.2/mkl-2018.3-1.4.2-windows-x86.jar:/home/dzly/.m2/repository/org/bytedeco/javacpp-presets/mkl/2018.3-1.4.2/mkl-2018.3-1.4.2-windows-x86_64.jar:/home/dzly/.m2/repository/org/bytedeco/javacpp-presets/mkl-dnn-platform/0.15-1.4.2/mkl-dnn-platform-0.15-1.4.2.jar:/home/dzly/.m2/repository/org/bytedeco/javacpp-presets/mkl-dnn/0.15-1.4.2/mkl-dnn-0.15-1.4.2-linux-x86_64.jar:/home/dzly/.m2/repository/org/bytedeco/javacpp-presets/mkl-dnn/0.15-1.4.2/mkl-dnn-0.15-1.4.2-macosx-x86_64.jar:/home/dzly/.m2/repository/org/bytedeco/javacpp-presets/mkl-dnn/0.15-1.4.2/mkl-dnn-0.15-1.4.2-windows-x86_64.jar:/home/dzly/.m2/repository/org/nd4j/nd4j-native/1.0.0-beta2/nd4j-native-1.0.0-beta2.jar:/home/dzly/.m2/repository/org/nd4j/nd4j-native/1.0.0-beta2/nd4j-native-1.0.0-beta2-android-arm.jar:/home/dzly/.m2/repository/org/nd4j/nd4j-native/1.0.0-beta2/nd4j-native-1.0.0-beta2-android-arm64.jar:/home/dzly/.m2/repository/org/nd4j/nd4j-native/1.0.0-beta2/nd4j-native-1.0.0-beta2-android-x86.jar:/home/dzly/.m2/repository/org/nd4j/nd4j-native/1.0.0-beta2/nd4j-native-1.0.0-beta2-android-x86_64.jar:/home/dzly/.m2/repository/org/nd4j/nd4j-native/1.0.0-beta2/nd4j-native-1.0.0-beta2-ios-arm64.jar:/home/dzly/.m2/repository/org/nd4j/nd4j-native/1.0.0-beta2/nd4j-native-1.0.0-beta2-ios-x86_64.jar:/home/dzly/.m2/repository/org/nd4j/nd4j-native/1.0.0-beta2/nd4j-native-1.0.0-beta2-linux-x86_64.jar:/home/dzly/.m2/repository/org/nd4j/nd4j-native/1.0.0-beta2/nd4j-native-1.0.0-beta2-macosx-x86_64.jar:/home/dzly/.m2/repository/org/nd4j/nd4j-native/1.0.0-beta2/nd4j-native-1.0.0-beta2-windows-x86_64.jar:/home/dzly/.m2/repository/org/nd4j/nd4j-native/1.0.0-beta2/nd4j-native-1.0.0-beta2-linux-ppc64le.jar:/home/dzly/.m2/repository/org/nd4j/nd4j-native/1.0.0-beta2/nd4j-native-1.0.0-beta2-linux-x86_64-avx2.jar:/home/dzly/.m2/repository/org/bytedeco/javacpp-presets/openblas/0.3.0-1.4.2/openblas-0.3.0-1.4.2.jar:/home/dzly/.m2/repository/org/bytedeco/javacpp-presets/openblas/0.3.0-1.4.2/openblas-0.3.0-1.4.2-linux-x86_64.jar:/home/dzly/.m2/repository/org/bytedeco/javacpp-presets/mkl/2018.3-1.4.2/mkl-2018.3-1.4.2.jar:/home/dzly/.m2/repository/org/bytedeco/javacpp-presets/mkl-dnn/0.15-1.4.2/mkl-dnn-0.15-1.4.2.jar:/home/dzly/.m2/repository/org/nd4j/nd4j-native-api/1.0.0-beta2/nd4j-native-api-1.0.0-beta2.jar:/home/dzly/.m2/repository/org/nd4j/nd4j-tensorflow/1.0.0-beta2/nd4j-tensorflow-1.0.0-beta2.jar:/home/dzly/.m2/repository/org/bytedeco/javacpp-presets/tensorflow/1.9.0-1.4.2/tensorflow-1.9.0-1.4.2.jar:/home/dzly/.m2/repository/org/bytedeco/javacpp-presets/tensorflow-platform/1.9.0-1.4.2/tensorflow-platform-1.9.0-1.4.2.jar:/home/dzly/.m2/repository/org/bytedeco/javacpp-presets/tensorflow/1.9.0-1.4.2/tensorflow-1.9.0-1.4.2-android-arm.jar:/home/dzly/.m2/repository/org/bytedeco/javacpp-presets/tensorflow/1.9.0-1.4.2/tensorflow-1.9.0-1.4.2-android-arm64.jar:/home/dzly/.m2/repository/org/bytedeco/javacpp-presets/tensorflow/1.9.0-1.4.2/tensorflow-1.9.0-1.4.2-android-x86.jar:/home/dzly/.m2/repository/org/bytedeco/javacpp-presets/tensorflow/1.9.0-1.4.2/tensorflow-1.9.0-1.4.2-android-x86_64.jar:/home/dzly/.m2/repository/org/bytedeco/javacpp-presets/tensorflow/1.9.0-1.4.2/tensorflow-1.9.0-1.4.2-linux-x86.jar:/home/dzly/.m2/repository/org/bytedeco/javacpp-presets/tensorflow/1.9.0-1.4.2/tensorflow-1.9.0-1.4.2-linux-x86_64.jar:/home/dzly/.m2/repository/org/bytedeco/javacpp-presets/tensorflow/1.9.0-1.4.2/tensorflow-1.9.0-1.4.2-macosx-x86_64.jar:/home/dzly/.m2/repository/org/bytedeco/javacpp-presets/tensorflow/1.9.0-1.4.2/tensorflow-1.9.0-1.4.2-windows-x86_64.jar:/home/dzly/.m2/repository/org/xerial/sqlite-jdbc/3.30.1/sqlite-jdbc-3.30.1.jar:"/>
    <property name="java.vm.vendor" value="Oracle Corporation"/>
    <property name="sun.arch.data.model" value="64"/>
    <property name="java.vendor.url" value="https://openjdk.java.net/"/>
    <property name="os.name" value="Linux"/>
    <property name="java.vm.specification.version" value="13"/>
    <property name="sun.java.launcher" value="SUN_STANDARD"/>
    <property name="user.country" value="US"/>
    <property name="sun.boot.library.path" value="/usr/lib/jvm/java-13-openjdk/lib"/>
    <property name="sun.java.command" value="/home/dzly/projects/countr_face_recognition/faceclient/target/surefire/surefirebooter13822918845796328734.jar /home/dzly/projects/countr_face_recognition/faceclient/target/surefire 2020-01-23T17-29-42_331-jvmRun1 surefire1398841787757127874tmp surefire_012755577052948293020tmp"/>
    <property name="jdk.debug" value="release"/>
    <property name="surefire.test.class.path" value="/home/dzly/projects/countr_face_recognition/faceclient/target/test-classes:/home/dzly/projects/countr_face_recognition/faceclient/target/classes:/home/dzly/.m2/repository/junit/junit/4.12/junit-4.12.jar:/home/dzly/.m2/repository/org/hamcrest/hamcrest-core/1.3/hamcrest-core-1.3.jar:/home/dzly/.m2/repository/org/apache/commons/commons-configuration2/2.6/commons-configuration2-2.6.jar:/home/dzly/.m2/repository/org/apache/commons/commons-lang3/3.9/commons-lang3-3.9.jar:/home/dzly/.m2/repository/org/apache/commons/commons-text/1.8/commons-text-1.8.jar:/home/dzly/.m2/repository/commons-logging/commons-logging/1.2/commons-logging-1.2.jar:/home/dzly/.m2/repository/commons-beanutils/commons-beanutils/1.9.4/commons-beanutils-1.9.4.jar:/home/dzly/.m2/repository/commons-collections/commons-collections/3.2.2/commons-collections-3.2.2.jar:/home/dzly/.m2/repository/org/zeromq/jeromq/0.5.1/jeromq-0.5.1.jar:/home/dzly/.m2/repository/eu/neilalexander/jnacl/1.0.0/jnacl-1.0.0.jar:/home/dzly/.m2/repository/net/tzolov/cv/mtcnn/0.0.4/mtcnn-0.0.4.jar:/home/dzly/.m2/repository/org/nd4j/nd4j-native/1.0.0-beta2/nd4j-native-1.0.0-beta2-macosx-x86_64-avx2.jar:/home/dzly/.m2/repository/org/nd4j/nd4j-native/1.0.0-beta2/nd4j-native-1.0.0-beta2-windows-x86_64-avx2.jar:/home/dzly/.m2/repository/org/apache/mxnet/mxnet-full_2.11-linux-x86_64-cpu/1.5.1/mxnet-full_2.11-linux-x86_64-cpu-1.5.1.jar:/home/dzly/.m2/repository/org/scala-lang/scala-library/2.11.8/scala-library-2.11.8.jar:/home/dzly/.m2/repository/org/scala-lang/scala-reflect/2.11.8/scala-reflect-2.11.8.jar:/home/dzly/.m2/repository/org/scala-lang/modules/scala-parser-combinators_2.11/1.0.5/scala-parser-combinators_2.11-1.0.5.jar:/home/dzly/.m2/repository/org/scala-lang/scala-compiler/2.11.8/scala-compiler-2.11.8.jar:/home/dzly/.m2/repository/org/scala-lang/modules/scala-xml_2.11/1.0.4/scala-xml_2.11-1.0.4.jar:/home/dzly/.m2/repository/commons-codec/commons-codec/1.10/commons-codec-1.10.jar:/home/dzly/.m2/repository/commons-io/commons-io/2.1/commons-io-2.1.jar:/home/dzly/.m2/repository/org/slf4j/slf4j-api/1.7.5/slf4j-api-1.7.5.jar:/home/dzly/.m2/repository/args4j/args4j/2.0.29/args4j-2.0.29.jar:/home/dzly/.m2/repository/org/datavec/datavec-data-image/1.0.0-beta2/datavec-data-image-1.0.0-beta2.jar:/home/dzly/.m2/repository/org/datavec/datavec-api/1.0.0-beta2/datavec-api-1.0.0-beta2.jar:/home/dzly/.m2/repository/org/jetbrains/annotations/13.0/annotations-13.0.jar:/home/dzly/.m2/repository/joda-time/joda-time/2.2/joda-time-2.2.jar:/home/dzly/.m2/repository/org/yaml/snakeyaml/1.12/snakeyaml-1.12.jar:/home/dzly/.m2/repository/org/nd4j/jackson/1.0.0-beta2/jackson-1.0.0-beta2.jar:/home/dzly/.m2/repository/org/codehaus/woodstox/stax2-api/3.1.4/stax2-api-3.1.4.jar:/home/dzly/.m2/repository/org/freemarker/freemarker/2.3.23/freemarker-2.3.23.jar:/home/dzly/.m2/repository/org/nd4j/nd4j-common/1.0.0-beta2/nd4j-common-1.0.0-beta2.jar:/home/dzly/.m2/repository/org/apache/commons/commons-compress/1.16.1/commons-compress-1.16.1.jar:/home/dzly/.m2/repository/com/clearspring/analytics/stream/2.7.0/stream-2.7.0.jar:/home/dzly/.m2/repository/net/sf/opencsv/opencsv/2.3/opencsv-2.3.jar:/home/dzly/.m2/repository/com/tdunning/t-digest/3.2/t-digest-3.2.jar:/home/dzly/.m2/repository/it/unimi/dsi/fastutil/6.5.7/fastutil-6.5.7.jar:/home/dzly/.m2/repository/org/nd4j/nd4j-buffer/1.0.0-beta2/nd4j-buffer-1.0.0-beta2.jar:/home/dzly/.m2/repository/org/nd4j/nd4j-context/1.0.0-beta2/nd4j-context-1.0.0-beta2.jar:/home/dzly/.m2/repository/com/github/jai-imageio/jai-imageio-core/1.3.0/jai-imageio-core-1.3.0.jar:/home/dzly/.m2/repository/com/twelvemonkeys/imageio/imageio-jpeg/3.1.1/imageio-jpeg-3.1.1.jar:/home/dzly/.m2/repository/com/twelvemonkeys/imageio/imageio-core/3.1.1/imageio-core-3.1.1.jar:/home/dzly/.m2/repository/com/twelvemonkeys/imageio/imageio-metadata/3.1.1/imageio-metadata-3.1.1.jar:/home/dzly/.m2/repository/com/twelvemonkeys/common/common-lang/3.1.1/common-lang-3.1.1.jar:/home/dzly/.m2/repository/com/twelvemonkeys/common/common-io/3.1.1/common-io-3.1.1.jar:/home/dzly/.m2/repository/com/twelvemonkeys/common/common-image/3.1.1/common-image-3.1.1.jar:/home/dzly/.m2/repository/com/twelvemonkeys/imageio/imageio-tiff/3.1.1/imageio-tiff-3.1.1.jar:/home/dzly/.m2/repository/com/twelvemonkeys/imageio/imageio-psd/3.1.1/imageio-psd-3.1.1.jar:/home/dzly/.m2/repository/com/twelvemonkeys/imageio/imageio-bmp/3.1.1/imageio-bmp-3.1.1.jar:/home/dzly/.m2/repository/org/bytedeco/javacpp/1.4.2/javacpp-1.4.2.jar:/home/dzly/.m2/repository/org/bytedeco/javacv/1.4.2/javacv-1.4.2.jar:/home/dzly/.m2/repository/org/bytedeco/javacpp-presets/opencv/3.4.2-1.4.2/opencv-3.4.2-1.4.2.jar:/home/dzly/.m2/repository/org/bytedeco/javacpp-presets/ffmpeg/4.0.1-1.4.2/ffmpeg-4.0.1-1.4.2.jar:/home/dzly/.m2/repository/org/bytedeco/javacpp-presets/flycapture/2.11.3.121-1.4.2/flycapture-2.11.3.121-1.4.2.jar:/home/dzly/.m2/repository/org/bytedeco/javacpp-presets/libdc1394/2.2.5-1.4.2/libdc1394-2.2.5-1.4.2.jar:/home/dzly/.m2/repository/org/bytedeco/javacpp-presets/libfreenect/0.5.3-1.4.2/libfreenect-0.5.3-1.4.2.jar:/home/dzly/.m2/repository/org/bytedeco/javacpp-presets/libfreenect2/0.2.0-1.4.2/libfreenect2-0.2.0-1.4.2.jar:/home/dzly/.m2/repository/org/bytedeco/javacpp-presets/librealsense/1.12.1-1.4.2/librealsense-1.12.1-1.4.2.jar:/home/dzly/.m2/repository/org/bytedeco/javacpp-presets/videoinput/0.200-1.4.2/videoinput-0.200-1.4.2.jar:/home/dzly/.m2/repository/org/bytedeco/javacpp-presets/artoolkitplus/2.3.1-1.4.2/artoolkitplus-2.3.1-1.4.2.jar:/home/dzly/.m2/repository/org/bytedeco/javacpp-presets/flandmark/1.07-1.4.2/flandmark-1.07-1.4.2.jar:/home/dzly/.m2/repository/org/bytedeco/javacpp-presets/leptonica/1.76.0-1.4.2/leptonica-1.76.0-1.4.2.jar:/home/dzly/.m2/repository/org/bytedeco/javacpp-presets/tesseract/4.0.0-beta.3-1.4.2/tesseract-4.0.0-beta.3-1.4.2.jar:/home/dzly/.m2/repository/org/bytedeco/javacpp-presets/opencv-platform/3.4.2-1.4.2/opencv-platform-3.4.2-1.4.2.jar:/home/dzly/.m2/repository/org/bytedeco/javacpp-presets/opencv/3.4.2-1.4.2/opencv-3.4.2-1.4.2-android-arm.jar:/home/dzly/.m2/repository/org/bytedeco/javacpp-presets/opencv/3.4.2-1.4.2/opencv-3.4.2-1.4.2-android-arm64.jar:/home/dzly/.m2/repository/org/bytedeco/javacpp-presets/opencv/3.4.2-1.4.2/opencv-3.4.2-1.4.2-android-x86.jar:/home/dzly/.m2/repository/org/bytedeco/javacpp-presets/opencv/3.4.2-1.4.2/opencv-3.4.2-1.4.2-android-x86_64.jar:/home/dzly/.m2/repository/org/bytedeco/javacpp-presets/opencv/3.4.2-1.4.2/opencv-3.4.2-1.4.2-ios-arm64.jar:/home/dzly/.m2/repository/org/bytedeco/javacpp-presets/opencv/3.4.2-1.4.2/opencv-3.4.2-1.4.2-ios-x86_64.jar:/home/dzly/.m2/repository/org/bytedeco/javacpp-presets/opencv/3.4.2-1.4.2/opencv-3.4.2-1.4.2-linux-x86.jar:/home/dzly/.m2/repository/org/bytedeco/javacpp-presets/opencv/3.4.2-1.4.2/opencv-3.4.2-1.4.2-linux-x86_64.jar:/home/dzly/.m2/repository/org/bytedeco/javacpp-presets/opencv/3.4.2-1.4.2/opencv-3.4.2-1.4.2-linux-armhf.jar:/home/dzly/.m2/repository/org/bytedeco/javacpp-presets/opencv/3.4.2-1.4.2/opencv-3.4.2-1.4.2-linux-ppc64le.jar:/home/dzly/.m2/repository/org/bytedeco/javacpp-presets/opencv/3.4.2-1.4.2/opencv-3.4.2-1.4.2-macosx-x86_64.jar:/home/dzly/.m2/repository/org/bytedeco/javacpp-presets/opencv/3.4.2-1.4.2/opencv-3.4.2-1.4.2-windows-x86.jar:/home/dzly/.m2/repository/org/bytedeco/javacpp-presets/opencv/3.4.2-1.4.2/opencv-3.4.2-1.4.2-windows-x86_64.jar:/home/dzly/.m2/repository/org/bytedeco/javacpp-presets/leptonica-platform/1.76.0-1.4.2/leptonica-platform-1.76.0-1.4.2.jar:/home/dzly/.m2/repository/org/bytedeco/javacpp-presets/leptonica/1.76.0-1.4.2/leptonica-1.76.0-1.4.2-android-arm.jar:/home/dzly/.m2/repository/org/bytedeco/javacpp-presets/leptonica/1.76.0-1.4.2/leptonica-1.76.0-1.4.2-android-arm64.jar:/home/dzly/.m2/repository/org/bytedeco/javacpp-presets/leptonica/1.76.0-1.4.2/leptonica-1.76.0-1.4.2-android-x86.jar:/home/dzly/.m2/repository/org/bytedeco/javacpp-presets/leptonica/1.76.0-1.4.2/leptonica-1.76.0-1.4.2-android-x86_64.jar:/home/dzly/.m2/repository/org/bytedeco/javacpp-presets/leptonica/1.76.0-1.4.2/leptonica-1.76.0-1.4.2-linux-x86.jar:/home/dzly/.m2/repository/org/bytedeco/javacpp-presets/leptonica/1.76.0-1.4.2/leptonica-1.76.0-1.4.2-linux-x86_64.jar:/home/dzly/.m2/repository/org/bytedeco/javacpp-presets/leptonica/1.76.0-1.4.2/leptonica-1.76.0-1.4.2-linux-armhf.jar:/home/dzly/.m2/repository/org/bytedeco/javacpp-presets/leptonica/1.76.0-1.4.2/leptonica-1.76.0-1.4.2-linux-ppc64le.jar:/home/dzly/.m2/repository/org/bytedeco/javacpp-presets/leptonica/1.76.0-1.4.2/leptonica-1.76.0-1.4.2-macosx-x86_64.jar:/home/dzly/.m2/repository/org/bytedeco/javacpp-presets/leptonica/1.76.0-1.4.2/leptonica-1.76.0-1.4.2-windows-x86.jar:/home/dzly/.m2/repository/org/bytedeco/javacpp-presets/leptonica/1.76.0-1.4.2/leptonica-1.76.0-1.4.2-windows-x86_64.jar:/home/dzly/.m2/repository/org/bytedeco/javacpp-presets/hdf5-platform/1.10.2-1.4.2/hdf5-platform-1.10.2-1.4.2.jar:/home/dzly/.m2/repository/org/bytedeco/javacpp-presets/hdf5/1.10.2-1.4.2/hdf5-1.10.2-1.4.2.jar:/home/dzly/.m2/repository/org/bytedeco/javacpp-presets/hdf5/1.10.2-1.4.2/hdf5-1.10.2-1.4.2-linux-x86.jar:/home/dzly/.m2/repository/org/bytedeco/javacpp-presets/hdf5/1.10.2-1.4.2/hdf5-1.10.2-1.4.2-linux-x86_64.jar:/home/dzly/.m2/repository/org/bytedeco/javacpp-presets/hdf5/1.10.2-1.4.2/hdf5-1.10.2-1.4.2-linux-ppc64le.jar:/home/dzly/.m2/repository/org/bytedeco/javacpp-presets/hdf5/1.10.2-1.4.2/hdf5-1.10.2-1.4.2-macosx-x86_64.jar:/home/dzly/.m2/repository/org/bytedeco/javacpp-presets/hdf5/1.10.2-1.4.2/hdf5-1.10.2-1.4.2-windows-x86.jar:/home/dzly/.m2/repository/org/bytedeco/javacpp-presets/hdf5/1.10.2-1.4.2/hdf5-1.10.2-1.4.2-windows-x86_64.jar:/home/dzly/.m2/repository/org/nd4j/nd4j-api/1.0.0-beta2/nd4j-api-1.0.0-beta2.jar:/home/dzly/.m2/repository/org/apache/commons/commons-math3/3.5/commons-math3-3.5.jar:/home/dzly/.m2/repository/com/vlkan/flatbuffers/1.2.0-3f79e055/flatbuffers-1.2.0-3f79e055.jar:/home/dzly/.m2/repository/com/google/guava/guava/20.0/guava-20.0.jar:/home/dzly/.m2/repository/com/github/os72/protobuf-java-shaded-351/0.9/protobuf-java-shaded-351-0.9.jar:/home/dzly/.m2/repository/com/github/os72/protobuf-java-util-shaded-351/0.9/protobuf-java-util-shaded-351-0.9.jar:/home/dzly/.m2/repository/com/google/code/gson/gson/2.7/gson-2.7.jar:/home/dzly/.m2/repository/org/objenesis/objenesis/2.6/objenesis-2.6.jar:/home/dzly/.m2/repository/uk/com/robust-it/cloning/1.9.3/cloning-1.9.3.jar:/home/dzly/.m2/repository/net/ericaro/neoitertools/1.0.0/neoitertools-1.0.0.jar:/home/dzly/.m2/repository/org/springframework/spring-core/5.0.7.RELEASE/spring-core-5.0.7.RELEASE.jar:/home/dzly/.m2/repository/org/springframework/spring-jcl/5.0.7.RELEASE/spring-jcl-5.0.7.RELEASE.jar:/home/dzly/.m2/repository/com/fasterxml/jackson/core/jackson-core/2.9.6/jackson-core-2.9.6.jar:/home/dzly/.m2/repository/com/fasterxml/jackson/core/jackson-annotations/2.9.6/jackson-annotations-2.9.6.jar:/home/dzly/.m2/repository/com/fasterxml/jackson/core/jackson-databind/2.9.6/jackson-databind-2.9.6.jar:/home/dzly/.m2/repository/org/nd4j/nd4j-native-platform/1.0.0-beta2/nd4j-native-platform-1.0.0-beta2.jar:/home/dzly/.m2/repository/org/bytedeco/javacpp-presets/openblas-platform/0.3.0-1.4.2/openblas-platform-0.3.0-1.4.2.jar:/home/dzly/.m2/repository/org/bytedeco/javacpp-presets/openblas/0.3.0-1.4.2/openblas-0.3.0-1.4.2-android-arm.jar:/home/dzly/.m2/repository/org/bytedeco/javacpp-presets/openblas/0.3.0-1.4.2/openblas-0.3.0-1.4.2-android-arm64.jar:/home/dzly/.m2/repository/org/bytedeco/javacpp-presets/openblas/0.3.0-1.4.2/openblas-0.3.0-1.4.2-android-x86.jar:/home/dzly/.m2/repository/org/bytedeco/javacpp-presets/openblas/0.3.0-1.4.2/openblas-0.3.0-1.4.2-android-x86_64.jar:/home/dzly/.m2/repository/org/bytedeco/javacpp-presets/openblas/0.3.0-1.4.2/openblas-0.3.0-1.4.2-ios-arm64.jar:/home/dzly/.m2/repository/org/bytedeco/javacpp-presets/openblas/0.3.0-1.4.2/openblas-0.3.0-1.4.2-ios-x86_64.jar:/home/dzly/.m2/repository/org/bytedeco/javacpp-presets/openblas/0.3.0-1.4.2/openblas-0.3.0-1.4.2-linux-x86.jar:/home/dzly/.m2/repository/org/bytedeco/javacpp-presets/openblas/0.3.0-1.4.2/openblas-0.3.0-1.4.2-linux-armhf.jar:/home/dzly/.m2/repository/org/bytedeco/javacpp-presets/openblas/0.3.0-1.4.2/openblas-0.3.0-1.4.2-linux-ppc64le.jar:/home/dzly/.m2/repository/org/bytedeco/javacpp-presets/openblas/0.3.0-1.4.2/openblas-0.3.0-1.4.2-macosx-x86_64.jar:/home/dzly/.m2/repository/org/bytedeco/javacpp-presets/openblas/0.3.0-1.4.2/openblas-0.3.0-1.4.2-windows-x86.jar:/home/dzly/.m2/repository/org/bytedeco/javacpp-presets/openblas/0.3.0-1.4.2/openblas-0.3.0-1.4.2-windows-x86_64.jar:/home/dzly/.m2/repository/org/bytedeco/javacpp-presets/mkl-platform/2018.3-1.4.2/mkl-platform-2018.3-1.4.2.jar:/home/dzly/.m2/repository/org/bytedeco/javacpp-presets/mkl/2018.3-1.4.2/mkl-2018.3-1.4.2-linux-x86.jar:/home/dzly/.m2/repository/org/bytedeco/javacpp-presets/mkl/2018.3-1.4.2/mkl-2018.3-1.4.2-linux-x86_64.jar:/home/dzly/.m2/repository/org/bytedeco/javacpp-presets/mkl/2018.3-1.4.2/mkl-2018.3-1.4.2-macosx-x86_64.jar:/home/dzly/.m2/repository/org/bytedeco/javacpp-presets/mkl/2018.3-1.4.2/mkl-2018.3-1.4.2-windows-x86.jar:/home/dzly/.m2/repository/org/bytedeco/javacpp-presets/mkl/2018.3-1.4.2/mkl-2018.3-1.4.2-windows-x86_64.jar:/home/dzly/.m2/repository/org/bytedeco/javacpp-presets/mkl-dnn-platform/0.15-1.4.2/mkl-dnn-platform-0.15-1.4.2.jar:/home/dzly/.m2/repository/org/bytedeco/javacpp-presets/mkl-dnn/0.15-1.4.2/mkl-dnn-0.15-1.4.2-linux-x86_64.jar:/home/dzly/.m2/repository/org/bytedeco/javacpp-presets/mkl-dnn/0.15-1.4.2/mkl-dnn-0.15-1.4.2-macosx-x86_64.jar:/home/dzly/.m2/repository/org/bytedeco/javacpp-presets/mkl-dnn/0.15-1.4.2/mkl-dnn-0.15-1.4.2-windows-x86_64.jar:/home/dzly/.m2/repository/org/nd4j/nd4j-native/1.0.0-beta2/nd4j-native-1.0.0-beta2.jar:/home/dzly/.m2/repository/org/nd4j/nd4j-native/1.0.0-beta2/nd4j-native-1.0.0-beta2-android-arm.jar:/home/dzly/.m2/repository/org/nd4j/nd4j-native/1.0.0-beta2/nd4j-native-1.0.0-beta2-android-arm64.jar:/home/dzly/.m2/repository/org/nd4j/nd4j-native/1.0.0-beta2/nd4j-native-1.0.0-beta2-android-x86.jar:/home/dzly/.m2/repository/org/nd4j/nd4j-native/1.0.0-beta2/nd4j-native-1.0.0-beta2-android-x86_64.jar:/home/dzly/.m2/repository/org/nd4j/nd4j-native/1.0.0-beta2/nd4j-native-1.0.0-beta2-ios-arm64.jar:/home/dzly/.m2/repository/org/nd4j/nd4j-native/1.0.0-beta2/nd4j-native-1.0.0-beta2-ios-x86_64.jar:/home/dzly/.m2/repository/org/nd4j/nd4j-native/1.0.0-beta2/nd4j-native-1.0.0-beta2-linux-x86_64.jar:/home/dzly/.m2/repository/org/nd4j/nd4j-native/1.0.0-beta2/nd4j-native-1.0.0-beta2-macosx-x86_64.jar:/home/dzly/.m2/repository/org/nd4j/nd4j-native/1.0.0-beta2/nd4j-native-1.0.0-beta2-windows-x86_64.jar:/home/dzly/.m2/repository/org/nd4j/nd4j-native/1.0.0-beta2/nd4j-native-1.0.0-beta2-linux-ppc64le.jar:/home/dzly/.m2/repository/org/nd4j/nd4j-native/1.0.0-beta2/nd4j-native-1.0.0-beta2-linux-x86_64-avx2.jar:/home/dzly/.m2/repository/org/bytedeco/javacpp-presets/openblas/0.3.0-1.4.2/openblas-0.3.0-1.4.2.jar:/home/dzly/.m2/repository/org/bytedeco/javacpp-presets/openblas/0.3.0-1.4.2/openblas-0.3.0-1.4.2-linux-x86_64.jar:/home/dzly/.m2/repository/org/bytedeco/javacpp-presets/mkl/2018.3-1.4.2/mkl-2018.3-1.4.2.jar:/home/dzly/.m2/repository/org/bytedeco/javacpp-presets/mkl-dnn/0.15-1.4.2/mkl-dnn-0.15-1.4.2.jar:/home/dzly/.m2/repository/org/nd4j/nd4j-native-api/1.0.0-beta2/nd4j-native-api-1.0.0-beta2.jar:/home/dzly/.m2/repository/org/nd4j/nd4j-tensorflow/1.0.0-beta2/nd4j-tensorflow-1.0.0-beta2.jar:/home/dzly/.m2/repository/org/bytedeco/javacpp-presets/tensorflow/1.9.0-1.4.2/tensorflow-1.9.0-1.4.2.jar:/home/dzly/.m2/repository/org/bytedeco/javacpp-presets/tensorflow-platform/1.9.0-1.4.2/tensorflow-platform-1.9.0-1.4.2.jar:/home/dzly/.m2/repository/org/bytedeco/javacpp-presets/tensorflow/1.9.0-1.4.2/tensorflow-1.9.0-1.4.2-android-arm.jar:/home/dzly/.m2/repository/org/bytedeco/javacpp-presets/tensorflow/1.9.0-1.4.2/tensorflow-1.9.0-1.4.2-android-arm64.jar:/home/dzly/.m2/repository/org/bytedeco/javacpp-presets/tensorflow/1.9.0-1.4.2/tensorflow-1.9.0-1.4.2-android-x86.jar:/home/dzly/.m2/repository/org/bytedeco/javacpp-presets/tensorflow/1.9.0-1.4.2/tensorflow-1.9.0-1.4.2-android-x86_64.jar:/home/dzly/.m2/repository/org/bytedeco/javacpp-presets/tensorflow/1.9.0-1.4.2/tensorflow-1.9.0-1.4.2-linux-x86.jar:/home/dzly/.m2/repository/org/bytedeco/javacpp-presets/tensorflow/1.9.0-1.4.2/tensorflow-1.9.0-1.4.2-linux-x86_64.jar:/home/dzly/.m2/repository/org/bytedeco/javacpp-presets/tensorflow/1.9.0-1.4.2/tensorflow-1.9.0-1.4.2-macosx-x86_64.jar:/home/dzly/.m2/repository/org/bytedeco/javacpp-presets/tensorflow/1.9.0-1.4.2/tensorflow-1.9.0-1.4.2-windows-x86_64.jar:/home/dzly/.m2/repository/org/xerial/sqlite-jdbc/3.30.1/sqlite-jdbc-3.30.1.jar:"/>
    <property name="sun.cpu.endian" value="little"/>
    <property name="user.home" value="/home/dzly"/>
    <property name="user.language" value="en"/>
    <property name="java.specification.vendor" value="Oracle Corporation"/>
    <property name="java.version.date" value="2019-10-15"/>
    <property name="java.home" value="/usr/lib/jvm/java-13-openjdk"/>
    <property name="file.separator" value="/"/>
    <property name="basedir" value="/home/dzly/projects/countr_face_recognition/faceclient"/>
    <property name="java.vm.compressedOopsMode" value="Zero based"/>
    <property name="line.separator" value="&#10;"/>
    <property name="java.vm.specification.vendor" value="Oracle Corporation"/>
    <property name="java.specification.name" value="Java Platform API Specification"/>
    <property name="surefire.real.class.path" value="/home/dzly/projects/countr_face_recognition/faceclient/target/surefire/surefirebooter13822918845796328734.jar"/>
    <property name="sun.management.compiler" value="HotSpot 64-Bit Tiered Compilers"/>
    <property name="java.runtime.version" value="13.0.1+9"/>
    <property name="user.name" value="dzly"/>
    <property name="path.separator" value=":"/>
    <property name="os.version" value="5.4.8-arch1-1"/>
    <property name="java.runtime.name" value="OpenJDK Runtime Environment"/>
    <property name="file.encoding" value="UTF-8"/>
    <property name="java.vm.name" value="OpenJDK 64-Bit Server VM"/>
    <property name="localRepository" value="/home/dzly/.m2/repository"/>
    <property name="java.vendor.url.bug" value="https://bugreport.java.com/bugreport/"/>
    <property name="java.io.tmpdir" value="/tmp"/>
    <property name="java.version" value="13.0.1"/>
    <property name="user.dir" value="/home/dzly/projects/countr_face_recognition/faceclient"/>
    <property name="os.arch" value="amd64"/>
    <property name="java.vm.specification.name" value="Java Virtual Machine Specification"/>
    <property name="java.library.path" value="/usr/java/packages/lib:/usr/lib64:/lib64:/lib:/usr/lib"/>
    <property name="java.vm.info" value="mixed mode"/>
    <property name="java.vendor" value="N/A"/>
    <property name="java.vm.version" value="13.0.1+9"/>
    <property name="sun.io.unicode.encoding" value="UnicodeLittle"/>
    <property name="java.class.version" value="57.0"/>
  </properties>
  <testcase name="shouldAnswerWithTrue" classname="faceclient.AppTest" time="0"/>
</testsuite>